2023-02-28 17:40:34,199 INFO org.springframework.boot.StartupInfoLogger [restartedMain] Starting PracticaApplication using Java 18.0.2.1 on DESKTOP-KFKTI5B with PID 5400 (D:\BOOTCAMP BESYSOFT\UNIDAD I\besysoft-unidad1\target\classes started by Sofi in D:\BOOTCAMP BESYSOFT\UNIDAD I\besysoft-unidad1)
2023-02-28 17:40:34,204 INFO org.springframework.boot.SpringApplication [restartedMain] No active profile set, falling back to 1 default profile: "default"
2023-02-28 17:40:34,306 INFO org.springframework.boot.logging.DeferredLog [restartedMain] Devtools property defaults active! Set 'spring.devtools.add-properties' to 'false' to disable
2023-02-28 17:40:34,307 INFO org.springframework.boot.logging.DeferredLog [restartedMain] For additional web related logging consider setting the 'logging.level.web' property to 'DEBUG'
2023-02-28 17:40:35,287 INFO org.springframework.data.repository.config.RepositoryConfigurationDelegate [restartedMain] Bootstrapping Spring Data JPA repositories in DEFAULT mode.
2023-02-28 17:40:35,394 INFO org.springframework.data.repository.config.RepositoryConfigurationDelegate [restartedMain] Finished Spring Data repository scanning in 88 ms. Found 3 JPA repository interfaces.
2023-02-28 17:40:36,611 INFO org.springframework.boot.web.embedded.tomcat.TomcatWebServer [restartedMain] Tomcat initialized with port(s): 8000 (http)
2023-02-28 17:40:36,626 INFO org.apache.juli.logging.DirectJDKLog [restartedMain] Initializing ProtocolHandler ["http-nio-8000"]
2023-02-28 17:40:36,627 INFO org.apache.juli.logging.DirectJDKLog [restartedMain] Starting service [Tomcat]
2023-02-28 17:40:36,628 INFO org.apache.juli.logging.DirectJDKLog [restartedMain] Starting Servlet engine: [Apache Tomcat/9.0.70]
2023-02-28 17:40:36,745 INFO org.apache.juli.logging.DirectJDKLog [restartedMain] Initializing Spring embedded WebApplicationContext
2023-02-28 17:40:36,746 INFO org.springframework.boot.web.servlet.context.ServletWebServerApplicationContext [restartedMain] Root WebApplicationContext: initialization completed in 2436 ms
2023-02-28 17:40:36,987 INFO org.hibernate.jpa.internal.util.LogHelper [restartedMain] HHH000204: Processing PersistenceUnitInfo [name: default]
2023-02-28 17:40:37,031 INFO org.hibernate.Version [restartedMain] HHH000412: Hibernate ORM core version 5.6.14.Final
2023-02-28 17:40:37,219 INFO org.hibernate.annotations.common.reflection.java.JavaReflectionManager [restartedMain] HCANN000001: Hibernate Commons Annotations {5.1.2.Final}
2023-02-28 17:40:37,313 INFO com.zaxxer.hikari.HikariDataSource [restartedMain] HikariPool-1 - Starting...
2023-02-28 17:40:37,487 INFO com.zaxxer.hikari.HikariDataSource [restartedMain] HikariPool-1 - Start completed.
2023-02-28 17:40:37,514 INFO org.hibernate.dialect.Dialect [restartedMain] HHH000400: Using dialect: org.hibernate.dialect.MySQL55Dialect
2023-02-28 17:40:42,829 INFO org.hibernate.engine.transaction.jta.platform.internal.JtaPlatformInitiator [restartedMain] HHH000490: Using JtaPlatform implementation: [org.hibernate.engine.transaction.jta.platform.internal.NoJtaPlatform]
2023-02-28 17:40:42,836 INFO org.springframework.orm.jpa.AbstractEntityManagerFactoryBean [restartedMain] Initialized JPA EntityManagerFactory for persistence unit 'default'
2023-02-28 17:40:43,391 WARN org.springframework.boot.autoconfigure.orm.jpa.JpaBaseConfiguration$JpaWebConfiguration [restartedMain] spring.jpa.open-in-view is enabled by default. Therefore, database queries may be performed during view rendering. Explicitly configure spring.jpa.open-in-view to disable this warning
2023-02-28 17:40:43,777 INFO org.springframework.boot.devtools.autoconfigure.OptionalLiveReloadServer [restartedMain] LiveReload server is running on port 35729
2023-02-28 17:40:43,801 INFO org.apache.juli.logging.DirectJDKLog [restartedMain] Starting ProtocolHandler ["http-nio-8000"]
2023-02-28 17:40:43,827 INFO org.springframework.boot.web.embedded.tomcat.TomcatWebServer [restartedMain] Tomcat started on port(s): 8000 (http) with context path ''
2023-02-28 17:40:44,111 INFO org.springframework.boot.StartupInfoLogger [restartedMain] Started PracticaApplication in 10.453 seconds (JVM running for 11.671)
2023-02-28 17:40:58,181 INFO org.apache.juli.logging.DirectJDKLog [http-nio-8000-exec-2] Initializing Spring DispatcherServlet 'dispatcherServlet'
2023-02-28 17:40:58,183 INFO org.springframework.web.servlet.FrameworkServlet [http-nio-8000-exec-2] Initializing Servlet 'dispatcherServlet'
2023-02-28 17:40:58,184 INFO org.springframework.web.servlet.FrameworkServlet [http-nio-8000-exec-2] Completed initialization in 1 ms
2023-02-28 17:42:46,036 INFO org.springframework.orm.jpa.AbstractEntityManagerFactoryBean [SpringApplicationShutdownHook] Closing JPA EntityManagerFactory for persistence unit 'default'
2023-02-28 17:42:46,041 INFO com.zaxxer.hikari.HikariDataSource [SpringApplicationShutdownHook] HikariPool-1 - Shutdown initiated...
2023-02-28 17:42:46,054 INFO com.zaxxer.hikari.HikariDataSource [SpringApplicationShutdownHook] HikariPool-1 - Shutdown completed.
2023-02-28 17:42:53,268 INFO org.springframework.boot.StartupInfoLogger [restartedMain] Starting PracticaApplication using Java 18.0.2.1 on DESKTOP-KFKTI5B with PID 12308 (D:\BOOTCAMP BESYSOFT\UNIDAD I\besysoft-unidad1\target\classes started by Sofi in D:\BOOTCAMP BESYSOFT\UNIDAD I\besysoft-unidad1)
2023-02-28 17:42:53,280 INFO org.springframework.boot.SpringApplication [restartedMain] No active profile set, falling back to 1 default profile: "default"
2023-02-28 17:42:53,401 INFO org.springframework.boot.logging.DeferredLog [restartedMain] Devtools property defaults active! Set 'spring.devtools.add-properties' to 'false' to disable
2023-02-28 17:42:53,402 INFO org.springframework.boot.logging.DeferredLog [restartedMain] For additional web related logging consider setting the 'logging.level.web' property to 'DEBUG'
2023-02-28 17:42:54,368 INFO org.springframework.data.repository.config.RepositoryConfigurationDelegate [restartedMain] Bootstrapping Spring Data JPA repositories in DEFAULT mode.
2023-02-28 17:42:54,457 INFO org.springframework.data.repository.config.RepositoryConfigurationDelegate [restartedMain] Finished Spring Data repository scanning in 73 ms. Found 3 JPA repository interfaces.
2023-02-28 17:42:55,827 INFO org.springframework.boot.web.embedded.tomcat.TomcatWebServer [restartedMain] Tomcat initialized with port(s): 8000 (http)
2023-02-28 17:42:55,848 INFO org.apache.juli.logging.DirectJDKLog [restartedMain] Initializing ProtocolHandler ["http-nio-8000"]
2023-02-28 17:42:55,849 INFO org.apache.juli.logging.DirectJDKLog [restartedMain] Starting service [Tomcat]
2023-02-28 17:42:55,849 INFO org.apache.juli.logging.DirectJDKLog [restartedMain] Starting Servlet engine: [Apache Tomcat/9.0.70]
2023-02-28 17:42:55,979 INFO org.apache.juli.logging.DirectJDKLog [restartedMain] Initializing Spring embedded WebApplicationContext
2023-02-28 17:42:55,979 INFO org.springframework.boot.web.servlet.context.ServletWebServerApplicationContext [restartedMain] Root WebApplicationContext: initialization completed in 2574 ms
2023-02-28 17:42:56,444 INFO org.hibernate.jpa.internal.util.LogHelper [restartedMain] HHH000204: Processing PersistenceUnitInfo [name: default]
2023-02-28 17:42:56,497 INFO org.hibernate.Version [restartedMain] HHH000412: Hibernate ORM core version 5.6.14.Final
2023-02-28 17:42:56,668 INFO org.hibernate.annotations.common.reflection.java.JavaReflectionManager [restartedMain] HCANN000001: Hibernate Commons Annotations {5.1.2.Final}
2023-02-28 17:42:56,787 INFO com.zaxxer.hikari.HikariDataSource [restartedMain] HikariPool-1 - Starting...
2023-02-28 17:42:57,143 INFO com.zaxxer.hikari.HikariDataSource [restartedMain] HikariPool-1 - Start completed.
2023-02-28 17:42:57,337 INFO org.hibernate.dialect.Dialect [restartedMain] HHH000400: Using dialect: org.hibernate.dialect.MySQL55Dialect
2023-02-28 17:43:04,539 INFO org.hibernate.engine.transaction.jta.platform.internal.JtaPlatformInitiator [restartedMain] HHH000490: Using JtaPlatform implementation: [org.hibernate.engine.transaction.jta.platform.internal.NoJtaPlatform]
2023-02-28 17:43:04,574 INFO org.springframework.orm.jpa.AbstractEntityManagerFactoryBean [restartedMain] Initialized JPA EntityManagerFactory for persistence unit 'default'
2023-02-28 17:43:05,223 WARN org.springframework.boot.autoconfigure.orm.jpa.JpaBaseConfiguration$JpaWebConfiguration [restartedMain] spring.jpa.open-in-view is enabled by default. Therefore, database queries may be performed during view rendering. Explicitly configure spring.jpa.open-in-view to disable this warning
2023-02-28 17:43:05,776 INFO org.springframework.boot.devtools.autoconfigure.OptionalLiveReloadServer [restartedMain] LiveReload server is running on port 35729
2023-02-28 17:43:05,799 INFO org.apache.juli.logging.DirectJDKLog [restartedMain] Starting ProtocolHandler ["http-nio-8000"]
2023-02-28 17:43:05,840 INFO org.springframework.boot.web.embedded.tomcat.TomcatWebServer [restartedMain] Tomcat started on port(s): 8000 (http) with context path ''
2023-02-28 17:43:06,263 INFO org.springframework.boot.StartupInfoLogger [restartedMain] Started PracticaApplication in 13.623 seconds (JVM running for 14.78)
2023-02-28 17:43:26,410 INFO org.apache.juli.logging.DirectJDKLog [http-nio-8000-exec-2] Initializing Spring DispatcherServlet 'dispatcherServlet'
2023-02-28 17:43:26,411 INFO org.springframework.web.servlet.FrameworkServlet [http-nio-8000-exec-2] Initializing Servlet 'dispatcherServlet'
2023-02-28 17:43:26,412 INFO org.springframework.web.servlet.FrameworkServlet [http-nio-8000-exec-2] Completed initialization in 1 ms
2023-02-28 17:46:59,501 INFO org.springframework.orm.jpa.AbstractEntityManagerFactoryBean [SpringApplicationShutdownHook] Closing JPA EntityManagerFactory for persistence unit 'default'
2023-02-28 17:46:59,505 INFO com.zaxxer.hikari.HikariDataSource [SpringApplicationShutdownHook] HikariPool-1 - Shutdown initiated...
2023-02-28 17:46:59,515 INFO com.zaxxer.hikari.HikariDataSource [SpringApplicationShutdownHook] HikariPool-1 - Shutdown completed.
2023-02-28 17:47:28,281 INFO org.springframework.boot.StartupInfoLogger [restartedMain] Starting PracticaApplication using Java 18.0.2.1 on DESKTOP-KFKTI5B with PID 11916 (D:\BOOTCAMP BESYSOFT\UNIDAD I\besysoft-unidad1\target\classes started by Sofi in D:\BOOTCAMP BESYSOFT\UNIDAD I\besysoft-unidad1)
2023-02-28 17:47:28,287 INFO org.springframework.boot.SpringApplication [restartedMain] No active profile set, falling back to 1 default profile: "default"
2023-02-28 17:47:28,411 INFO org.springframework.boot.logging.DeferredLog [restartedMain] Devtools property defaults active! Set 'spring.devtools.add-properties' to 'false' to disable
2023-02-28 17:47:28,412 INFO org.springframework.boot.logging.DeferredLog [restartedMain] For additional web related logging consider setting the 'logging.level.web' property to 'DEBUG'
2023-02-28 17:47:29,482 INFO org.springframework.data.repository.config.RepositoryConfigurationDelegate [restartedMain] Bootstrapping Spring Data JPA repositories in DEFAULT mode.
2023-02-28 17:47:29,597 INFO org.springframework.data.repository.config.RepositoryConfigurationDelegate [restartedMain] Finished Spring Data repository scanning in 95 ms. Found 3 JPA repository interfaces.
2023-02-28 17:47:30,873 INFO org.springframework.boot.web.embedded.tomcat.TomcatWebServer [restartedMain] Tomcat initialized with port(s): 8000 (http)
2023-02-28 17:47:30,887 INFO org.apache.juli.logging.DirectJDKLog [restartedMain] Initializing ProtocolHandler ["http-nio-8000"]
2023-02-28 17:47:30,888 INFO org.apache.juli.logging.DirectJDKLog [restartedMain] Starting service [Tomcat]
2023-02-28 17:47:30,889 INFO org.apache.juli.logging.DirectJDKLog [restartedMain] Starting Servlet engine: [Apache Tomcat/9.0.70]
2023-02-28 17:47:30,979 INFO org.apache.juli.logging.DirectJDKLog [restartedMain] Initializing Spring embedded WebApplicationContext
2023-02-28 17:47:30,980 INFO org.springframework.boot.web.servlet.context.ServletWebServerApplicationContext [restartedMain] Root WebApplicationContext: initialization completed in 2567 ms
2023-02-28 17:47:31,260 INFO org.hibernate.jpa.internal.util.LogHelper [restartedMain] HHH000204: Processing PersistenceUnitInfo [name: default]
2023-02-28 17:47:31,312 INFO org.hibernate.Version [restartedMain] HHH000412: Hibernate ORM core version 5.6.14.Final
2023-02-28 17:47:31,497 INFO org.hibernate.annotations.common.reflection.java.JavaReflectionManager [restartedMain] HCANN000001: Hibernate Commons Annotations {5.1.2.Final}
2023-02-28 17:47:31,603 INFO com.zaxxer.hikari.HikariDataSource [restartedMain] HikariPool-1 - Starting...
2023-02-28 17:47:31,806 INFO com.zaxxer.hikari.HikariDataSource [restartedMain] HikariPool-1 - Start completed.
2023-02-28 17:47:31,837 INFO org.hibernate.dialect.Dialect [restartedMain] HHH000400: Using dialect: org.hibernate.dialect.MySQL55Dialect
2023-02-28 17:47:37,965 INFO org.hibernate.engine.transaction.jta.platform.internal.JtaPlatformInitiator [restartedMain] HHH000490: Using JtaPlatform implementation: [org.hibernate.engine.transaction.jta.platform.internal.NoJtaPlatform]
2023-02-28 17:47:37,975 INFO org.springframework.orm.jpa.AbstractEntityManagerFactoryBean [restartedMain] Initialized JPA EntityManagerFactory for persistence unit 'default'
2023-02-28 17:47:38,563 WARN org.springframework.boot.autoconfigure.orm.jpa.JpaBaseConfiguration$JpaWebConfiguration [restartedMain] spring.jpa.open-in-view is enabled by default. Therefore, database queries may be performed during view rendering. Explicitly configure spring.jpa.open-in-view to disable this warning
2023-02-28 17:47:38,948 INFO org.springframework.boot.devtools.autoconfigure.OptionalLiveReloadServer [restartedMain] LiveReload server is running on port 35729
2023-02-28 17:47:38,965 INFO org.apache.juli.logging.DirectJDKLog [restartedMain] Starting ProtocolHandler ["http-nio-8000"]
2023-02-28 17:47:38,991 INFO org.springframework.boot.web.embedded.tomcat.TomcatWebServer [restartedMain] Tomcat started on port(s): 8000 (http) with context path ''
2023-02-28 17:47:39,237 INFO org.springframework.boot.StartupInfoLogger [restartedMain] Started PracticaApplication in 11.504 seconds (JVM running for 12.847)
2023-02-28 17:47:53,864 INFO org.apache.juli.logging.DirectJDKLog [http-nio-8000-exec-1] Initializing Spring DispatcherServlet 'dispatcherServlet'
2023-02-28 17:47:53,866 INFO org.springframework.web.servlet.FrameworkServlet [http-nio-8000-exec-1] Initializing Servlet 'dispatcherServlet'
2023-02-28 17:47:53,868 INFO org.springframework.web.servlet.FrameworkServlet [http-nio-8000-exec-1] Completed initialization in 1 ms
2023-02-28 17:49:48,125 INFO com.besysoft.practica.controllers.PeliculasController [http-nio-8000-exec-6] id recibido en el controlador actualizar: 1
2023-02-28 17:49:48,126 INFO com.besysoft.practica.utilidades.Validators [http-nio-8000-exec-6] id obtenido en el validator: 1
2023-02-28 17:49:48,131 INFO com.besysoft.practica.services.implementations.PeliculaServiceImpl [http-nio-8000-exec-6] id obtenido servicio pasando el validator: 1
2023-02-28 17:50:35,108 INFO com.besysoft.practica.controllers.PeliculasController [http-nio-8000-exec-9] id recibido en el controlador actualizar: 1
2023-02-28 17:50:35,109 INFO com.besysoft.practica.utilidades.Validators [http-nio-8000-exec-9] id obtenido en el validator: 1
2023-02-28 17:50:35,113 INFO com.besysoft.practica.services.implementations.PeliculaServiceImpl [http-nio-8000-exec-9] id obtenido servicio pasando el validator: 1
2023-02-28 17:50:35,904 INFO com.besysoft.practica.controllers.PeliculasController [http-nio-8000-exec-2] id recibido en el controlador actualizar: 1
2023-02-28 17:50:35,905 INFO com.besysoft.practica.utilidades.Validators [http-nio-8000-exec-2] id obtenido en el validator: 1
2023-02-28 17:50:35,908 INFO com.besysoft.practica.services.implementations.PeliculaServiceImpl [http-nio-8000-exec-2] id obtenido servicio pasando el validator: 1
2023-02-28 17:50:36,547 INFO com.besysoft.practica.controllers.PeliculasController [http-nio-8000-exec-1] id recibido en el controlador actualizar: 1
2023-02-28 17:50:36,548 INFO com.besysoft.practica.utilidades.Validators [http-nio-8000-exec-1] id obtenido en el validator: 1
2023-02-28 17:50:36,553 INFO com.besysoft.practica.services.implementations.PeliculaServiceImpl [http-nio-8000-exec-1] id obtenido servicio pasando el validator: 1
2023-02-28 17:50:37,079 INFO com.besysoft.practica.controllers.PeliculasController [http-nio-8000-exec-5] id recibido en el controlador actualizar: 1
2023-02-28 17:50:37,080 INFO com.besysoft.practica.utilidades.Validators [http-nio-8000-exec-5] id obtenido en el validator: 1
2023-02-28 17:50:37,083 INFO com.besysoft.practica.services.implementations.PeliculaServiceImpl [http-nio-8000-exec-5] id obtenido servicio pasando el validator: 1
2023-02-28 17:50:37,598 INFO com.besysoft.practica.controllers.PeliculasController [http-nio-8000-exec-6] id recibido en el controlador actualizar: 1
2023-02-28 17:50:37,599 INFO com.besysoft.practica.utilidades.Validators [http-nio-8000-exec-6] id obtenido en el validator: 1
2023-02-28 17:50:37,603 INFO com.besysoft.practica.services.implementations.PeliculaServiceImpl [http-nio-8000-exec-6] id obtenido servicio pasando el validator: 1
2023-02-28 17:50:38,037 INFO com.besysoft.practica.controllers.PeliculasController [http-nio-8000-exec-9] id recibido en el controlador actualizar: 1
2023-02-28 17:50:38,038 INFO com.besysoft.practica.utilidades.Validators [http-nio-8000-exec-9] id obtenido en el validator: 1
2023-02-28 17:50:38,042 INFO com.besysoft.practica.services.implementations.PeliculaServiceImpl [http-nio-8000-exec-9] id obtenido servicio pasando el validator: 1
2023-02-28 17:50:38,397 INFO com.besysoft.practica.controllers.PeliculasController [http-nio-8000-exec-2] id recibido en el controlador actualizar: 1
2023-02-28 17:50:38,397 INFO com.besysoft.practica.utilidades.Validators [http-nio-8000-exec-2] id obtenido en el validator: 1
2023-02-28 17:50:38,400 INFO com.besysoft.practica.services.implementations.PeliculaServiceImpl [http-nio-8000-exec-2] id obtenido servicio pasando el validator: 1
2023-02-28 17:50:38,821 INFO com.besysoft.practica.controllers.PeliculasController [http-nio-8000-exec-3] id recibido en el controlador actualizar: 1
2023-02-28 17:50:38,822 INFO com.besysoft.practica.utilidades.Validators [http-nio-8000-exec-3] id obtenido en el validator: 1
2023-02-28 17:50:38,825 INFO com.besysoft.practica.services.implementations.PeliculaServiceImpl [http-nio-8000-exec-3] id obtenido servicio pasando el validator: 1
2023-02-28 17:50:39,158 INFO com.besysoft.practica.controllers.PeliculasController [http-nio-8000-exec-5] id recibido en el controlador actualizar: 1
2023-02-28 17:50:39,160 INFO com.besysoft.practica.utilidades.Validators [http-nio-8000-exec-5] id obtenido en el validator: 1
2023-02-28 17:50:39,163 INFO com.besysoft.practica.services.implementations.PeliculaServiceImpl [http-nio-8000-exec-5] id obtenido servicio pasando el validator: 1
2023-02-28 17:50:39,562 INFO com.besysoft.practica.controllers.PeliculasController [http-nio-8000-exec-6] id recibido en el controlador actualizar: 1
2023-02-28 17:50:39,562 INFO com.besysoft.practica.utilidades.Validators [http-nio-8000-exec-6] id obtenido en el validator: 1
2023-02-28 17:50:39,566 INFO com.besysoft.practica.services.implementations.PeliculaServiceImpl [http-nio-8000-exec-6] id obtenido servicio pasando el validator: 1
2023-02-28 17:50:40,058 INFO com.besysoft.practica.controllers.PeliculasController [http-nio-8000-exec-8] id recibido en el controlador actualizar: 1
2023-02-28 17:50:40,059 INFO com.besysoft.practica.utilidades.Validators [http-nio-8000-exec-8] id obtenido en el validator: 1
2023-02-28 17:50:40,062 INFO com.besysoft.practica.services.implementations.PeliculaServiceImpl [http-nio-8000-exec-8] id obtenido servicio pasando el validator: 1
2023-02-28 17:54:37,578 INFO org.springframework.orm.jpa.AbstractEntityManagerFactoryBean [SpringApplicationShutdownHook] Closing JPA EntityManagerFactory for persistence unit 'default'
2023-02-28 17:54:37,583 INFO com.zaxxer.hikari.HikariDataSource [SpringApplicationShutdownHook] HikariPool-1 - Shutdown initiated...
2023-02-28 17:54:37,597 INFO com.zaxxer.hikari.HikariDataSource [SpringApplicationShutdownHook] HikariPool-1 - Shutdown completed.
2023-02-28 17:54:45,180 INFO org.springframework.boot.StartupInfoLogger [restartedMain] Starting PracticaApplication using Java 18.0.2.1 on DESKTOP-KFKTI5B with PID 10920 (D:\BOOTCAMP BESYSOFT\UNIDAD I\besysoft-unidad1\target\classes started by Sofi in D:\BOOTCAMP BESYSOFT\UNIDAD I\besysoft-unidad1)
2023-02-28 17:54:45,194 INFO org.springframework.boot.SpringApplication [restartedMain] No active profile set, falling back to 1 default profile: "default"
2023-02-28 17:54:45,305 INFO org.springframework.boot.logging.DeferredLog [restartedMain] Devtools property defaults active! Set 'spring.devtools.add-properties' to 'false' to disable
2023-02-28 17:54:45,306 INFO org.springframework.boot.logging.DeferredLog [restartedMain] For additional web related logging consider setting the 'logging.level.web' property to 'DEBUG'
2023-02-28 17:54:46,280 INFO org.springframework.data.repository.config.RepositoryConfigurationDelegate [restartedMain] Bootstrapping Spring Data JPA repositories in DEFAULT mode.
2023-02-28 17:54:46,353 INFO org.springframework.data.repository.config.RepositoryConfigurationDelegate [restartedMain] Finished Spring Data repository scanning in 60 ms. Found 3 JPA repository interfaces.
2023-02-28 17:54:47,338 INFO org.springframework.boot.web.embedded.tomcat.TomcatWebServer [restartedMain] Tomcat initialized with port(s): 8000 (http)
2023-02-28 17:54:47,362 INFO org.apache.juli.logging.DirectJDKLog [restartedMain] Initializing ProtocolHandler ["http-nio-8000"]
2023-02-28 17:54:47,367 INFO org.apache.juli.logging.DirectJDKLog [restartedMain] Starting service [Tomcat]
2023-02-28 17:54:47,370 INFO org.apache.juli.logging.DirectJDKLog [restartedMain] Starting Servlet engine: [Apache Tomcat/9.0.70]
2023-02-28 17:54:47,534 INFO org.apache.juli.logging.DirectJDKLog [restartedMain] Initializing Spring embedded WebApplicationContext
2023-02-28 17:54:47,535 INFO org.springframework.boot.web.servlet.context.ServletWebServerApplicationContext [restartedMain] Root WebApplicationContext: initialization completed in 2228 ms
2023-02-28 17:54:47,840 INFO org.hibernate.jpa.internal.util.LogHelper [restartedMain] HHH000204: Processing PersistenceUnitInfo [name: default]
2023-02-28 17:54:47,896 INFO org.hibernate.Version [restartedMain] HHH000412: Hibernate ORM core version 5.6.14.Final
2023-02-28 17:54:48,142 INFO org.hibernate.annotations.common.reflection.java.JavaReflectionManager [restartedMain] HCANN000001: Hibernate Commons Annotations {5.1.2.Final}
2023-02-28 17:54:48,260 INFO com.zaxxer.hikari.HikariDataSource [restartedMain] HikariPool-1 - Starting...
2023-02-28 17:54:48,486 INFO com.zaxxer.hikari.HikariDataSource [restartedMain] HikariPool-1 - Start completed.
2023-02-28 17:54:48,525 INFO org.hibernate.dialect.Dialect [restartedMain] HHH000400: Using dialect: org.hibernate.dialect.MySQL55Dialect
2023-02-28 17:54:54,451 INFO org.hibernate.engine.transaction.jta.platform.internal.JtaPlatformInitiator [restartedMain] HHH000490: Using JtaPlatform implementation: [org.hibernate.engine.transaction.jta.platform.internal.NoJtaPlatform]
2023-02-28 17:54:54,460 INFO org.springframework.orm.jpa.AbstractEntityManagerFactoryBean [restartedMain] Initialized JPA EntityManagerFactory for persistence unit 'default'
2023-02-28 17:54:55,038 WARN org.springframework.boot.autoconfigure.orm.jpa.JpaBaseConfiguration$JpaWebConfiguration [restartedMain] spring.jpa.open-in-view is enabled by default. Therefore, database queries may be performed during view rendering. Explicitly configure spring.jpa.open-in-view to disable this warning
2023-02-28 17:54:55,476 INFO org.springframework.boot.devtools.autoconfigure.OptionalLiveReloadServer [restartedMain] LiveReload server is running on port 35729
2023-02-28 17:54:55,494 INFO org.apache.juli.logging.DirectJDKLog [restartedMain] Starting ProtocolHandler ["http-nio-8000"]
2023-02-28 17:54:55,523 INFO org.springframework.boot.web.embedded.tomcat.TomcatWebServer [restartedMain] Tomcat started on port(s): 8000 (http) with context path ''
2023-02-28 17:54:55,801 INFO org.springframework.boot.StartupInfoLogger [restartedMain] Started PracticaApplication in 11.248 seconds (JVM running for 12.154)
2023-02-28 17:55:11,607 INFO org.apache.juli.logging.DirectJDKLog [http-nio-8000-exec-2] Initializing Spring DispatcherServlet 'dispatcherServlet'
2023-02-28 17:55:11,608 INFO org.springframework.web.servlet.FrameworkServlet [http-nio-8000-exec-2] Initializing Servlet 'dispatcherServlet'
2023-02-28 17:55:11,612 INFO org.springframework.web.servlet.FrameworkServlet [http-nio-8000-exec-2] Completed initialization in 3 ms
2023-02-28 17:55:11,722 INFO com.besysoft.practica.controllers.PeliculasController [http-nio-8000-exec-2] id recibido en el controlador actualizar: 1
2023-02-28 17:55:11,723 INFO com.besysoft.practica.utilidades.Validators [http-nio-8000-exec-2] id obtenido en el validator: 1
2023-02-28 17:55:11,758 INFO com.besysoft.practica.services.implementations.PeliculaServiceImpl [http-nio-8000-exec-2] id obtenido servicio pasando el validator: 1
2023-02-28 17:59:01,430 INFO org.springframework.orm.jpa.AbstractEntityManagerFactoryBean [SpringApplicationShutdownHook] Closing JPA EntityManagerFactory for persistence unit 'default'
2023-02-28 17:59:01,434 INFO com.zaxxer.hikari.HikariDataSource [SpringApplicationShutdownHook] HikariPool-1 - Shutdown initiated...
2023-02-28 17:59:01,443 INFO com.zaxxer.hikari.HikariDataSource [SpringApplicationShutdownHook] HikariPool-1 - Shutdown completed.
2023-02-28 17:59:36,206 INFO org.springframework.boot.StartupInfoLogger [restartedMain] Starting PracticaApplication using Java 18.0.2.1 on DESKTOP-KFKTI5B with PID 12500 (D:\BOOTCAMP BESYSOFT\UNIDAD I\besysoft-unidad1\target\classes started by Sofi in D:\BOOTCAMP BESYSOFT\UNIDAD I\besysoft-unidad1)
2023-02-28 17:59:36,218 INFO org.springframework.boot.SpringApplication [restartedMain] No active profile set, falling back to 1 default profile: "default"
2023-02-28 17:59:36,422 INFO org.springframework.boot.logging.DeferredLog [restartedMain] Devtools property defaults active! Set 'spring.devtools.add-properties' to 'false' to disable
2023-02-28 17:59:36,423 INFO org.springframework.boot.logging.DeferredLog [restartedMain] For additional web related logging consider setting the 'logging.level.web' property to 'DEBUG'
2023-02-28 17:59:37,405 INFO org.springframework.data.repository.config.RepositoryConfigurationDelegate [restartedMain] Bootstrapping Spring Data JPA repositories in DEFAULT mode.
2023-02-28 17:59:37,485 INFO org.springframework.data.repository.config.RepositoryConfigurationDelegate [restartedMain] Finished Spring Data repository scanning in 68 ms. Found 3 JPA repository interfaces.
2023-02-28 17:59:38,670 INFO org.springframework.boot.web.embedded.tomcat.TomcatWebServer [restartedMain] Tomcat initialized with port(s): 8000 (http)
2023-02-28 17:59:38,684 INFO org.apache.juli.logging.DirectJDKLog [restartedMain] Initializing ProtocolHandler ["http-nio-8000"]
2023-02-28 17:59:38,686 INFO org.apache.juli.logging.DirectJDKLog [restartedMain] Starting service [Tomcat]
2023-02-28 17:59:38,687 INFO org.apache.juli.logging.DirectJDKLog [restartedMain] Starting Servlet engine: [Apache Tomcat/9.0.70]
2023-02-28 17:59:38,848 INFO org.apache.juli.logging.DirectJDKLog [restartedMain] Initializing Spring embedded WebApplicationContext
2023-02-28 17:59:38,850 INFO org.springframework.boot.web.servlet.context.ServletWebServerApplicationContext [restartedMain] Root WebApplicationContext: initialization completed in 2424 ms
2023-02-28 17:59:39,263 INFO org.hibernate.jpa.internal.util.LogHelper [restartedMain] HHH000204: Processing PersistenceUnitInfo [name: default]
2023-02-28 17:59:39,403 INFO org.hibernate.Version [restartedMain] HHH000412: Hibernate ORM core version 5.6.14.Final
2023-02-28 17:59:39,644 INFO org.hibernate.annotations.common.reflection.java.JavaReflectionManager [restartedMain] HCANN000001: Hibernate Commons Annotations {5.1.2.Final}
2023-02-28 17:59:39,751 INFO com.zaxxer.hikari.HikariDataSource [restartedMain] HikariPool-1 - Starting...
2023-02-28 17:59:39,956 INFO com.zaxxer.hikari.HikariDataSource [restartedMain] HikariPool-1 - Start completed.
2023-02-28 17:59:39,998 INFO org.hibernate.dialect.Dialect [restartedMain] HHH000400: Using dialect: org.hibernate.dialect.MySQL55Dialect
2023-02-28 17:59:46,640 INFO org.hibernate.engine.transaction.jta.platform.internal.JtaPlatformInitiator [restartedMain] HHH000490: Using JtaPlatform implementation: [org.hibernate.engine.transaction.jta.platform.internal.NoJtaPlatform]
2023-02-28 17:59:46,669 INFO org.springframework.orm.jpa.AbstractEntityManagerFactoryBean [restartedMain] Initialized JPA EntityManagerFactory for persistence unit 'default'
2023-02-28 17:59:47,329 WARN org.springframework.boot.autoconfigure.orm.jpa.JpaBaseConfiguration$JpaWebConfiguration [restartedMain] spring.jpa.open-in-view is enabled by default. Therefore, database queries may be performed during view rendering. Explicitly configure spring.jpa.open-in-view to disable this warning
2023-02-28 17:59:47,740 INFO org.springframework.boot.devtools.autoconfigure.OptionalLiveReloadServer [restartedMain] LiveReload server is running on port 35729
2023-02-28 17:59:47,756 INFO org.apache.juli.logging.DirectJDKLog [restartedMain] Starting ProtocolHandler ["http-nio-8000"]
2023-02-28 17:59:47,783 INFO org.springframework.boot.web.embedded.tomcat.TomcatWebServer [restartedMain] Tomcat started on port(s): 8000 (http) with context path ''
2023-02-28 17:59:48,015 INFO org.springframework.boot.StartupInfoLogger [restartedMain] Started PracticaApplication in 12.551 seconds (JVM running for 13.574)
2023-02-28 18:00:11,560 INFO org.springframework.orm.jpa.AbstractEntityManagerFactoryBean [SpringApplicationShutdownHook] Closing JPA EntityManagerFactory for persistence unit 'default'
2023-02-28 18:00:11,564 INFO com.zaxxer.hikari.HikariDataSource [SpringApplicationShutdownHook] HikariPool-1 - Shutdown initiated...
2023-02-28 18:00:11,576 INFO com.zaxxer.hikari.HikariDataSource [SpringApplicationShutdownHook] HikariPool-1 - Shutdown completed.
2023-02-28 18:00:16,713 INFO org.springframework.boot.StartupInfoLogger [restartedMain] Starting PracticaApplication using Java 18.0.2.1 on DESKTOP-KFKTI5B with PID 16060 (D:\BOOTCAMP BESYSOFT\UNIDAD I\besysoft-unidad1\target\classes started by Sofi in D:\BOOTCAMP BESYSOFT\UNIDAD I\besysoft-unidad1)
2023-02-28 18:00:16,720 INFO org.springframework.boot.SpringApplication [restartedMain] No active profile set, falling back to 1 default profile: "default"
2023-02-28 18:00:16,821 INFO org.springframework.boot.logging.DeferredLog [restartedMain] Devtools property defaults active! Set 'spring.devtools.add-properties' to 'false' to disable
2023-02-28 18:00:16,822 INFO org.springframework.boot.logging.DeferredLog [restartedMain] For additional web related logging consider setting the 'logging.level.web' property to 'DEBUG'
2023-02-28 18:00:17,972 INFO org.springframework.data.repository.config.RepositoryConfigurationDelegate [restartedMain] Bootstrapping Spring Data JPA repositories in DEFAULT mode.
2023-02-28 18:00:18,104 INFO org.springframework.data.repository.config.RepositoryConfigurationDelegate [restartedMain] Finished Spring Data repository scanning in 77 ms. Found 3 JPA repository interfaces.
2023-02-28 18:00:19,194 INFO org.springframework.boot.web.embedded.tomcat.TomcatWebServer [restartedMain] Tomcat initialized with port(s): 8000 (http)
2023-02-28 18:00:19,211 INFO org.apache.juli.logging.DirectJDKLog [restartedMain] Initializing ProtocolHandler ["http-nio-8000"]
2023-02-28 18:00:19,213 INFO org.apache.juli.logging.DirectJDKLog [restartedMain] Starting service [Tomcat]
2023-02-28 18:00:19,214 INFO org.apache.juli.logging.DirectJDKLog [restartedMain] Starting Servlet engine: [Apache Tomcat/9.0.70]
2023-02-28 18:00:19,319 INFO org.apache.juli.logging.DirectJDKLog [restartedMain] Initializing Spring embedded WebApplicationContext
2023-02-28 18:00:19,319 INFO org.springframework.boot.web.servlet.context.ServletWebServerApplicationContext [restartedMain] Root WebApplicationContext: initialization completed in 2496 ms
2023-02-28 18:00:19,651 INFO org.hibernate.jpa.internal.util.LogHelper [restartedMain] HHH000204: Processing PersistenceUnitInfo [name: default]
2023-02-28 18:00:19,700 INFO org.hibernate.Version [restartedMain] HHH000412: Hibernate ORM core version 5.6.14.Final
2023-02-28 18:00:19,907 INFO org.hibernate.annotations.common.reflection.java.JavaReflectionManager [restartedMain] HCANN000001: Hibernate Commons Annotations {5.1.2.Final}
2023-02-28 18:00:20,035 INFO com.zaxxer.hikari.HikariDataSource [restartedMain] HikariPool-1 - Starting...
2023-02-28 18:00:20,252 INFO com.zaxxer.hikari.HikariDataSource [restartedMain] HikariPool-1 - Start completed.
2023-02-28 18:00:20,293 INFO org.hibernate.dialect.Dialect [restartedMain] HHH000400: Using dialect: org.hibernate.dialect.MySQL55Dialect
2023-02-28 18:00:26,059 INFO org.hibernate.engine.transaction.jta.platform.internal.JtaPlatformInitiator [restartedMain] HHH000490: Using JtaPlatform implementation: [org.hibernate.engine.transaction.jta.platform.internal.NoJtaPlatform]
2023-02-28 18:00:26,068 INFO org.springframework.orm.jpa.AbstractEntityManagerFactoryBean [restartedMain] Initialized JPA EntityManagerFactory for persistence unit 'default'
2023-02-28 18:00:26,681 WARN org.springframework.boot.autoconfigure.orm.jpa.JpaBaseConfiguration$JpaWebConfiguration [restartedMain] spring.jpa.open-in-view is enabled by default. Therefore, database queries may be performed during view rendering. Explicitly configure spring.jpa.open-in-view to disable this warning
2023-02-28 18:00:27,141 INFO org.springframework.boot.devtools.autoconfigure.OptionalLiveReloadServer [restartedMain] LiveReload server is running on port 35729
2023-02-28 18:00:27,158 INFO org.apache.juli.logging.DirectJDKLog [restartedMain] Starting ProtocolHandler ["http-nio-8000"]
2023-02-28 18:00:27,188 INFO org.springframework.boot.web.embedded.tomcat.TomcatWebServer [restartedMain] Tomcat started on port(s): 8000 (http) with context path ''
2023-02-28 18:00:27,566 INFO org.springframework.boot.StartupInfoLogger [restartedMain] Started PracticaApplication in 11.357 seconds (JVM running for 12.22)
2023-02-28 18:01:50,283 INFO org.springframework.orm.jpa.AbstractEntityManagerFactoryBean [SpringApplicationShutdownHook] Closing JPA EntityManagerFactory for persistence unit 'default'
2023-02-28 18:01:50,289 INFO com.zaxxer.hikari.HikariDataSource [SpringApplicationShutdownHook] HikariPool-1 - Shutdown initiated...
2023-02-28 18:01:50,304 INFO com.zaxxer.hikari.HikariDataSource [SpringApplicationShutdownHook] HikariPool-1 - Shutdown completed.
2023-02-28 18:01:56,602 INFO org.springframework.boot.StartupInfoLogger [restartedMain] Starting PracticaApplication using Java 18.0.2.1 on DESKTOP-KFKTI5B with PID 15348 (D:\BOOTCAMP BESYSOFT\UNIDAD I\besysoft-unidad1\target\classes started by Sofi in D:\BOOTCAMP BESYSOFT\UNIDAD I\besysoft-unidad1)
2023-02-28 18:01:56,617 INFO org.springframework.boot.SpringApplication [restartedMain] No active profile set, falling back to 1 default profile: "default"
2023-02-28 18:01:56,753 INFO org.springframework.boot.logging.DeferredLog [restartedMain] Devtools property defaults active! Set 'spring.devtools.add-properties' to 'false' to disable
2023-02-28 18:01:56,754 INFO org.springframework.boot.logging.DeferredLog [restartedMain] For additional web related logging consider setting the 'logging.level.web' property to 'DEBUG'
2023-02-28 18:01:57,788 INFO org.springframework.data.repository.config.RepositoryConfigurationDelegate [restartedMain] Bootstrapping Spring Data JPA repositories in DEFAULT mode.
2023-02-28 18:01:57,898 INFO org.springframework.data.repository.config.RepositoryConfigurationDelegate [restartedMain] Finished Spring Data repository scanning in 59 ms. Found 3 JPA repository interfaces.
2023-02-28 18:01:58,897 INFO org.springframework.boot.web.embedded.tomcat.TomcatWebServer [restartedMain] Tomcat initialized with port(s): 8000 (http)
2023-02-28 18:01:58,913 INFO org.apache.juli.logging.DirectJDKLog [restartedMain] Initializing ProtocolHandler ["http-nio-8000"]
2023-02-28 18:01:58,915 INFO org.apache.juli.logging.DirectJDKLog [restartedMain] Starting service [Tomcat]
2023-02-28 18:01:58,917 INFO org.apache.juli.logging.DirectJDKLog [restartedMain] Starting Servlet engine: [Apache Tomcat/9.0.70]
2023-02-28 18:01:59,064 INFO org.apache.juli.logging.DirectJDKLog [restartedMain] Initializing Spring embedded WebApplicationContext
2023-02-28 18:01:59,068 INFO org.springframework.boot.web.servlet.context.ServletWebServerApplicationContext [restartedMain] Root WebApplicationContext: initialization completed in 2313 ms
2023-02-28 18:01:59,543 INFO org.hibernate.jpa.internal.util.LogHelper [restartedMain] HHH000204: Processing PersistenceUnitInfo [name: default]
2023-02-28 18:01:59,610 INFO org.hibernate.Version [restartedMain] HHH000412: Hibernate ORM core version 5.6.14.Final
2023-02-28 18:01:59,818 INFO org.hibernate.annotations.common.reflection.java.JavaReflectionManager [restartedMain] HCANN000001: Hibernate Commons Annotations {5.1.2.Final}
2023-02-28 18:01:59,942 INFO com.zaxxer.hikari.HikariDataSource [restartedMain] HikariPool-1 - Starting...
2023-02-28 18:02:00,207 INFO com.zaxxer.hikari.HikariDataSource [restartedMain] HikariPool-1 - Start completed.
2023-02-28 18:02:00,242 INFO org.hibernate.dialect.Dialect [restartedMain] HHH000400: Using dialect: org.hibernate.dialect.MySQL55Dialect
2023-02-28 18:02:06,748 INFO org.hibernate.engine.transaction.jta.platform.internal.JtaPlatformInitiator [restartedMain] HHH000490: Using JtaPlatform implementation: [org.hibernate.engine.transaction.jta.platform.internal.NoJtaPlatform]
2023-02-28 18:02:06,757 INFO org.springframework.orm.jpa.AbstractEntityManagerFactoryBean [restartedMain] Initialized JPA EntityManagerFactory for persistence unit 'default'
2023-02-28 18:02:07,606 WARN org.springframework.boot.autoconfigure.orm.jpa.JpaBaseConfiguration$JpaWebConfiguration [restartedMain] spring.jpa.open-in-view is enabled by default. Therefore, database queries may be performed during view rendering. Explicitly configure spring.jpa.open-in-view to disable this warning
2023-02-28 18:02:08,206 INFO org.springframework.boot.devtools.autoconfigure.OptionalLiveReloadServer [restartedMain] LiveReload server is running on port 35729
2023-02-28 18:02:08,233 INFO org.apache.juli.logging.DirectJDKLog [restartedMain] Starting ProtocolHandler ["http-nio-8000"]
2023-02-28 18:02:08,277 INFO org.springframework.boot.web.embedded.tomcat.TomcatWebServer [restartedMain] Tomcat started on port(s): 8000 (http) with context path ''
2023-02-28 18:02:08,657 INFO org.springframework.boot.StartupInfoLogger [restartedMain] Started PracticaApplication in 12.697 seconds (JVM running for 13.621)
2023-02-28 18:02:09,528 INFO org.springframework.orm.jpa.AbstractEntityManagerFactoryBean [SpringApplicationShutdownHook] Closing JPA EntityManagerFactory for persistence unit 'default'
2023-02-28 18:02:09,531 INFO com.zaxxer.hikari.HikariDataSource [SpringApplicationShutdownHook] HikariPool-1 - Shutdown initiated...
2023-02-28 18:02:09,543 INFO com.zaxxer.hikari.HikariDataSource [SpringApplicationShutdownHook] HikariPool-1 - Shutdown completed.
2023-02-28 18:02:22,442 INFO org.springframework.boot.StartupInfoLogger [restartedMain] Starting PracticaApplication using Java 18.0.2.1 on DESKTOP-KFKTI5B with PID 12140 (D:\BOOTCAMP BESYSOFT\UNIDAD I\besysoft-unidad1\target\classes started by Sofi in D:\BOOTCAMP BESYSOFT\UNIDAD I\besysoft-unidad1)
2023-02-28 18:02:22,447 INFO org.springframework.boot.SpringApplication [restartedMain] No active profile set, falling back to 1 default profile: "default"
2023-02-28 18:02:22,544 INFO org.springframework.boot.logging.DeferredLog [restartedMain] Devtools property defaults active! Set 'spring.devtools.add-properties' to 'false' to disable
2023-02-28 18:02:22,544 INFO org.springframework.boot.logging.DeferredLog [restartedMain] For additional web related logging consider setting the 'logging.level.web' property to 'DEBUG'
2023-02-28 18:02:23,803 INFO org.springframework.data.repository.config.RepositoryConfigurationDelegate [restartedMain] Bootstrapping Spring Data JPA repositories in DEFAULT mode.
2023-02-28 18:02:23,906 INFO org.springframework.data.repository.config.RepositoryConfigurationDelegate [restartedMain] Finished Spring Data repository scanning in 84 ms. Found 3 JPA repository interfaces.
2023-02-28 18:02:24,879 INFO org.springframework.boot.web.embedded.tomcat.TomcatWebServer [restartedMain] Tomcat initialized with port(s): 8000 (http)
2023-02-28 18:02:24,893 INFO org.apache.juli.logging.DirectJDKLog [restartedMain] Initializing ProtocolHandler ["http-nio-8000"]
2023-02-28 18:02:24,895 INFO org.apache.juli.logging.DirectJDKLog [restartedMain] Starting service [Tomcat]
2023-02-28 18:02:24,896 INFO org.apache.juli.logging.DirectJDKLog [restartedMain] Starting Servlet engine: [Apache Tomcat/9.0.70]
2023-02-28 18:02:25,000 INFO org.apache.juli.logging.DirectJDKLog [restartedMain] Initializing Spring embedded WebApplicationContext
2023-02-28 18:02:25,002 INFO org.springframework.boot.web.servlet.context.ServletWebServerApplicationContext [restartedMain] Root WebApplicationContext: initialization completed in 2457 ms
2023-02-28 18:02:25,267 INFO org.hibernate.jpa.internal.util.LogHelper [restartedMain] HHH000204: Processing PersistenceUnitInfo [name: default]
2023-02-28 18:02:25,316 INFO org.hibernate.Version [restartedMain] HHH000412: Hibernate ORM core version 5.6.14.Final
2023-02-28 18:02:25,498 INFO org.hibernate.annotations.common.reflection.java.JavaReflectionManager [restartedMain] HCANN000001: Hibernate Commons Annotations {5.1.2.Final}
2023-02-28 18:02:25,605 INFO com.zaxxer.hikari.HikariDataSource [restartedMain] HikariPool-1 - Starting...
2023-02-28 18:02:25,844 INFO com.zaxxer.hikari.HikariDataSource [restartedMain] HikariPool-1 - Start completed.
2023-02-28 18:02:25,879 INFO org.hibernate.dialect.Dialect [restartedMain] HHH000400: Using dialect: org.hibernate.dialect.MySQL55Dialect
2023-02-28 18:02:32,443 INFO org.hibernate.engine.transaction.jta.platform.internal.JtaPlatformInitiator [restartedMain] HHH000490: Using JtaPlatform implementation: [org.hibernate.engine.transaction.jta.platform.internal.NoJtaPlatform]
2023-02-28 18:02:32,454 INFO org.springframework.orm.jpa.AbstractEntityManagerFactoryBean [restartedMain] Initialized JPA EntityManagerFactory for persistence unit 'default'
2023-02-28 18:02:33,048 WARN org.springframework.boot.autoconfigure.orm.jpa.JpaBaseConfiguration$JpaWebConfiguration [restartedMain] spring.jpa.open-in-view is enabled by default. Therefore, database queries may be performed during view rendering. Explicitly configure spring.jpa.open-in-view to disable this warning
2023-02-28 18:02:33,550 INFO org.springframework.boot.devtools.autoconfigure.OptionalLiveReloadServer [restartedMain] LiveReload server is running on port 35729
2023-02-28 18:02:33,570 INFO org.apache.juli.logging.DirectJDKLog [restartedMain] Starting ProtocolHandler ["http-nio-8000"]
2023-02-28 18:02:33,605 INFO org.springframework.boot.web.embedded.tomcat.TomcatWebServer [restartedMain] Tomcat started on port(s): 8000 (http) with context path ''
2023-02-28 18:02:33,875 INFO org.springframework.boot.StartupInfoLogger [restartedMain] Started PracticaApplication in 11.963 seconds (JVM running for 12.855)
2023-02-28 18:02:38,323 INFO org.springframework.orm.jpa.AbstractEntityManagerFactoryBean [SpringApplicationShutdownHook] Closing JPA EntityManagerFactory for persistence unit 'default'
2023-02-28 18:02:38,327 INFO com.zaxxer.hikari.HikariDataSource [SpringApplicationShutdownHook] HikariPool-1 - Shutdown initiated...
2023-02-28 18:02:38,337 INFO com.zaxxer.hikari.HikariDataSource [SpringApplicationShutdownHook] HikariPool-1 - Shutdown completed.
2023-02-28 18:02:47,993 INFO org.springframework.boot.StartupInfoLogger [restartedMain] Starting PracticaApplication using Java 18.0.2.1 on DESKTOP-KFKTI5B with PID 9588 (D:\BOOTCAMP BESYSOFT\UNIDAD I\besysoft-unidad1\target\classes started by Sofi in D:\BOOTCAMP BESYSOFT\UNIDAD I\besysoft-unidad1)
2023-02-28 18:02:47,996 INFO org.springframework.boot.SpringApplication [restartedMain] No active profile set, falling back to 1 default profile: "default"
2023-02-28 18:02:48,070 INFO org.springframework.boot.logging.DeferredLog [restartedMain] Devtools property defaults active! Set 'spring.devtools.add-properties' to 'false' to disable
2023-02-28 18:02:48,072 INFO org.springframework.boot.logging.DeferredLog [restartedMain] For additional web related logging consider setting the 'logging.level.web' property to 'DEBUG'
2023-02-28 18:02:49,243 INFO org.springframework.data.repository.config.RepositoryConfigurationDelegate [restartedMain] Bootstrapping Spring Data JPA repositories in DEFAULT mode.
2023-02-28 18:02:49,354 INFO org.springframework.data.repository.config.RepositoryConfigurationDelegate [restartedMain] Finished Spring Data repository scanning in 89 ms. Found 3 JPA repository interfaces.
2023-02-28 18:02:50,687 INFO org.springframework.boot.web.embedded.tomcat.TomcatWebServer [restartedMain] Tomcat initialized with port(s): 8000 (http)
2023-02-28 18:02:50,710 INFO org.apache.juli.logging.DirectJDKLog [restartedMain] Initializing ProtocolHandler ["http-nio-8000"]
2023-02-28 18:02:50,712 INFO org.apache.juli.logging.DirectJDKLog [restartedMain] Starting service [Tomcat]
2023-02-28 18:02:50,713 INFO org.apache.juli.logging.DirectJDKLog [restartedMain] Starting Servlet engine: [Apache Tomcat/9.0.70]
2023-02-28 18:02:50,831 INFO org.apache.juli.logging.DirectJDKLog [restartedMain] Initializing Spring embedded WebApplicationContext
2023-02-28 18:02:50,833 INFO org.springframework.boot.web.servlet.context.ServletWebServerApplicationContext [restartedMain] Root WebApplicationContext: initialization completed in 2760 ms
2023-02-28 18:02:51,198 INFO org.hibernate.jpa.internal.util.LogHelper [restartedMain] HHH000204: Processing PersistenceUnitInfo [name: default]
2023-02-28 18:02:51,256 INFO org.hibernate.Version [restartedMain] HHH000412: Hibernate ORM core version 5.6.14.Final
2023-02-28 18:02:51,486 INFO org.hibernate.annotations.common.reflection.java.JavaReflectionManager [restartedMain] HCANN000001: Hibernate Commons Annotations {5.1.2.Final}
2023-02-28 18:02:51,637 INFO com.zaxxer.hikari.HikariDataSource [restartedMain] HikariPool-1 - Starting...
2023-02-28 18:02:51,921 INFO com.zaxxer.hikari.HikariDataSource [restartedMain] HikariPool-1 - Start completed.
2023-02-28 18:02:51,966 INFO org.hibernate.dialect.Dialect [restartedMain] HHH000400: Using dialect: org.hibernate.dialect.MySQL55Dialect
2023-02-28 18:02:58,860 INFO org.hibernate.engine.transaction.jta.platform.internal.JtaPlatformInitiator [restartedMain] HHH000490: Using JtaPlatform implementation: [org.hibernate.engine.transaction.jta.platform.internal.NoJtaPlatform]
2023-02-28 18:02:58,868 INFO org.springframework.orm.jpa.AbstractEntityManagerFactoryBean [restartedMain] Initialized JPA EntityManagerFactory for persistence unit 'default'
2023-02-28 18:02:59,440 WARN org.springframework.boot.autoconfigure.orm.jpa.JpaBaseConfiguration$JpaWebConfiguration [restartedMain] spring.jpa.open-in-view is enabled by default. Therefore, database queries may be performed during view rendering. Explicitly configure spring.jpa.open-in-view to disable this warning
2023-02-28 18:02:59,836 INFO org.springframework.boot.devtools.autoconfigure.OptionalLiveReloadServer [restartedMain] LiveReload server is running on port 35729
2023-02-28 18:02:59,852 INFO org.apache.juli.logging.DirectJDKLog [restartedMain] Starting ProtocolHandler ["http-nio-8000"]
2023-02-28 18:02:59,881 INFO org.springframework.boot.web.embedded.tomcat.TomcatWebServer [restartedMain] Tomcat started on port(s): 8000 (http) with context path ''
2023-02-28 18:03:00,260 INFO org.springframework.boot.StartupInfoLogger [restartedMain] Started PracticaApplication in 12.713 seconds (JVM running for 13.472)
2023-02-28 18:03:04,511 INFO org.springframework.orm.jpa.AbstractEntityManagerFactoryBean [SpringApplicationShutdownHook] Closing JPA EntityManagerFactory for persistence unit 'default'
2023-02-28 18:03:04,516 INFO com.zaxxer.hikari.HikariDataSource [SpringApplicationShutdownHook] HikariPool-1 - Shutdown initiated...
2023-02-28 18:03:04,526 INFO com.zaxxer.hikari.HikariDataSource [SpringApplicationShutdownHook] HikariPool-1 - Shutdown completed.
2023-02-28 18:03:10,162 INFO org.springframework.boot.StartupInfoLogger [restartedMain] Starting PracticaApplication using Java 18.0.2.1 on DESKTOP-KFKTI5B with PID 15220 (D:\BOOTCAMP BESYSOFT\UNIDAD I\besysoft-unidad1\target\classes started by Sofi in D:\BOOTCAMP BESYSOFT\UNIDAD I\besysoft-unidad1)
2023-02-28 18:03:10,169 INFO org.springframework.boot.SpringApplication [restartedMain] No active profile set, falling back to 1 default profile: "default"
2023-02-28 18:03:10,288 INFO org.springframework.boot.logging.DeferredLog [restartedMain] Devtools property defaults active! Set 'spring.devtools.add-properties' to 'false' to disable
2023-02-28 18:03:10,289 INFO org.springframework.boot.logging.DeferredLog [restartedMain] For additional web related logging consider setting the 'logging.level.web' property to 'DEBUG'
2023-02-28 18:03:11,241 INFO org.springframework.data.repository.config.RepositoryConfigurationDelegate [restartedMain] Bootstrapping Spring Data JPA repositories in DEFAULT mode.
2023-02-28 18:03:11,314 INFO org.springframework.data.repository.config.RepositoryConfigurationDelegate [restartedMain] Finished Spring Data repository scanning in 60 ms. Found 3 JPA repository interfaces.
2023-02-28 18:03:12,408 INFO org.springframework.boot.web.embedded.tomcat.TomcatWebServer [restartedMain] Tomcat initialized with port(s): 8000 (http)
2023-02-28 18:03:12,427 INFO org.apache.juli.logging.DirectJDKLog [restartedMain] Initializing ProtocolHandler ["http-nio-8000"]
2023-02-28 18:03:12,429 INFO org.apache.juli.logging.DirectJDKLog [restartedMain] Starting service [Tomcat]
2023-02-28 18:03:12,432 INFO org.apache.juli.logging.DirectJDKLog [restartedMain] Starting Servlet engine: [Apache Tomcat/9.0.70]
2023-02-28 18:03:12,584 INFO org.apache.juli.logging.DirectJDKLog [restartedMain] Initializing Spring embedded WebApplicationContext
2023-02-28 18:03:12,586 INFO org.springframework.boot.web.servlet.context.ServletWebServerApplicationContext [restartedMain] Root WebApplicationContext: initialization completed in 2296 ms
2023-02-28 18:03:12,927 INFO org.hibernate.jpa.internal.util.LogHelper [restartedMain] HHH000204: Processing PersistenceUnitInfo [name: default]
2023-02-28 18:03:12,996 INFO org.hibernate.Version [restartedMain] HHH000412: Hibernate ORM core version 5.6.14.Final
2023-02-28 18:03:13,236 INFO org.hibernate.annotations.common.reflection.java.JavaReflectionManager [restartedMain] HCANN000001: Hibernate Commons Annotations {5.1.2.Final}
2023-02-28 18:03:13,360 INFO com.zaxxer.hikari.HikariDataSource [restartedMain] HikariPool-1 - Starting...
2023-02-28 18:03:13,616 INFO com.zaxxer.hikari.HikariDataSource [restartedMain] HikariPool-1 - Start completed.
2023-02-28 18:03:13,654 INFO org.hibernate.dialect.Dialect [restartedMain] HHH000400: Using dialect: org.hibernate.dialect.MySQL55Dialect
2023-02-28 18:03:20,015 INFO org.hibernate.engine.transaction.jta.platform.internal.JtaPlatformInitiator [restartedMain] HHH000490: Using JtaPlatform implementation: [org.hibernate.engine.transaction.jta.platform.internal.NoJtaPlatform]
2023-02-28 18:03:20,023 INFO org.springframework.orm.jpa.AbstractEntityManagerFactoryBean [restartedMain] Initialized JPA EntityManagerFactory for persistence unit 'default'
2023-02-28 18:03:20,567 WARN org.springframework.boot.autoconfigure.orm.jpa.JpaBaseConfiguration$JpaWebConfiguration [restartedMain] spring.jpa.open-in-view is enabled by default. Therefore, database queries may be performed during view rendering. Explicitly configure spring.jpa.open-in-view to disable this warning
2023-02-28 18:03:20,962 INFO org.springframework.boot.devtools.autoconfigure.OptionalLiveReloadServer [restartedMain] LiveReload server is running on port 35729
2023-02-28 18:03:20,982 INFO org.apache.juli.logging.DirectJDKLog [restartedMain] Starting ProtocolHandler ["http-nio-8000"]
2023-02-28 18:03:21,009 INFO org.springframework.boot.web.embedded.tomcat.TomcatWebServer [restartedMain] Tomcat started on port(s): 8000 (http) with context path ''
2023-02-28 18:03:21,500 INFO org.springframework.boot.StartupInfoLogger [restartedMain] Started PracticaApplication in 11.923 seconds (JVM running for 12.8)
